<?xml version="1.0" encoding="UTF-8"?>
<testsuite name="com.monstertimer.app.data.UsageStatsTest" tests="9" skipped="0" failures="0" errors="0" timestamp="2026-02-21T19:53:47" hostname="139163-P14S" time="0.01">
  <properties/>
  <testcase name="formattedWatchTime displays minutes only when under an hour" classname="com.monstertimer.app.data.UsageStatsTest" time="0.006"/>
  <testcase name="incrementMonsterShown increases counter" classname="com.monstertimer.app.data.UsageStatsTest" time="0.0"/>
  <testcase name="formattedWatchTime displays zero minutes for no watch time" classname="com.monstertimer.app.data.UsageStatsTest" time="0.001"/>
  <testcase name="formattedWatchTime displays hours and minutes when over an hour" classname="com.monstertimer.app.data.UsageStatsTest" time="0.0"/>
  <testcase name="formattedWatchTime handles large values correctly" classname="com.monstertimer.app.data.UsageStatsTest" time="0.0"/>
  <testcase name="addWatchTime with zero seconds preserves original" classname="com.monstertimer.app.data.UsageStatsTest" time="0.001"/>
  <testcase name="addWatchTime increases total seconds" classname="com.monstertimer.app.data.UsageStatsTest" time="0.0"/>
  <testcase name="incrementStoppedEarly increases counter" classname="com.monstertimer.app.data.UsageStatsTest" time="0.001"/>
  <testcase name="copy preserves unchanged fields" classname="com.monstertimer.app.data.UsageStatsTest" time="0.0"/>
  <system-out><![CDATA[]]></system-out>
  <system-err><![CDATA[]]></system-err>
</testsuite>
